{"numTotalTestSuites":806,"numPassedTestSuites":806,"numFailedTestSuites":0,"numPendingTestSuites":0,"numTotalTests":2073,"numPassedTests":2073,"numFailedTests":0,"numPendingTests":0,"numTodoTests":0,"snapshot":{"added":0,"failure":false,"filesAdded":0,"filesRemoved":0,"filesRemovedList":[],"filesUnmatched":0,"filesUpdated":0,"matched":0,"total":0,"unchecked":0,"uncheckedKeysByFile":[],"unmatched":0,"updated":0,"didUpdate":false},"startTime":1783693661775,"success":true,"testResults":[{"assertionResults":[{"ancestorTitles":["accessibility helper primitives"],"fullName":"accessibility helper primitives renders a polite live region for status-level agent updates","status":"passed","title":"renders a polite live region for status-level agent updates","duration":121.39169999999967,"failureMessages":[],"meta":{}},{"ancestorTitles":["accessibility helper primitives"],"fullName":"accessibility helper primitives keeps spreadsheet-style keyboard movement stable","status":"passed","title":"keeps spreadsheet-style keyboard movement stable","duration":1.2346999999999753,"failureMessages":[],"meta":{}},{"ancestorTitles":["accessibility helper primitives"],"fullName":"accessibility helper primitives traps focus inside modal or review surfaces","status":"passed","title":"traps focus inside modal or review surfaces","duration":17.58109999999988,"failureMessages":[],"meta":{}},{"ancestorTitles":["accessibility helper primitives"],"fullName":"accessibility helper primitives respects reduced-motion preferences for agent/status animations","status":"passed","title":"respects reduced-motion preferences for agent/status animations","duration":0.5691000000001623,"failureMessages":[],"meta":{}}],"startTime":1783693692291,"endTime":1783693692432.569,"status":"passed","message":"","name":"D:/VSCode Projects/cafecorner_nodebench/nodebench_ai4/noderoom/tests/accessibilityHelpers.test.tsx"},{"assertionResults":[{"ancestorTitles":["agentJobs runtime contract"],"fullName":"agentJobs runtime contract dedupes createOrReuse by idempotency key and records one creation operation","status":"passed","title":"dedupes createOrReuse by idempotency key and records one creation operation","duration":1220.6226,"failureMessages":[],"meta":{}},{"ancestorTitles":["agentJobs runtime contract"],"fullName":"agentJobs runtime contract central durable start helper preserves workflow and inline job contracts","status":"passed","title":"central durable start helper preserves workflow and inline job contracts","duration":45.534799999999905,"failureMessages":[],"meta":{}},{"ancestorTitles":["agentJobs runtime contract"],"fullName":"agentJobs runtime contract derives public job policy server-side instead of trusting client mutation fields","status":"passed","title":"derives public job policy server-side instead of trusting client mutation fields","duration":32.828599999999824,"failureMessages":[],"meta":{}},{"ancestorTitles":["agentJobs runtime contract"],"fullName":"agentJobs runtime contract starts public chat asks server-side against the active work-surface artifact","status":"passed","title":"starts public chat asks server-side against the active work-surface artifact","duration":633.2210999999998,"failureMessages":[],"meta":{}},{"ancestorTitles":["agentJobs runtime contract"],"fullName":"agentJobs runtime contract lets long official BTB asks infer benchmark mode while normal long chat stays capped","status":"passed","title":"lets long official BTB asks infer benchmark mode while normal long chat stays capped","duration":50.63520000000017,"failureMessages":[],"meta":{}},{"ancestorTitles":["agentJobs runtime contract"],"fullName":"agentJobs runtime contract blocks free public asks with uploaded file context unless paid file-egress promotion is explicit","status":"passed","title":"blocks free public asks with uploaded file context unless paid file-egress promotion is explicit","duration":65.52790000000005,"failureMessages":[],"meta":{}},{"ancestorTitles":["agentJobs runtime contract"],"fullName":"agentJobs runtime contract promotes uploaded-file free public asks only when paid file-egress promotion is explicit","status":"passed","title":"promotes uploaded-file free public asks only when paid file-egress promotion is explicit","duration":33.4389000000001,"failureMessages":[],"meta":{}},{"ancestorTitles":["agentJobs runtime contract"],"fullName":"agentJobs runtime contract keeps benchmark-completion public asks distinct from standard asks and records the profile","status":"passed","title":"keeps benchmark-completion public asks distinct from standard asks and records the profile","duration":74.01400000000012,"failureMessages":[],"meta":{}},{"ancestorTitles":["agentJobs runtime contract"],"fullName":"agentJobs runtime contract infers benchmark-completion for official BTB public asks without a client flag","status":"passed","title":"infers benchmark-completion for official BTB public asks without a client flag","duration":129.29089999999997,"failureMessages":[],"meta":{}},{"ancestorTitles":["agentJobs runtime contract"],"fullName":"agentJobs runtime contract materializes a scratch sheet before starting public asks in blank rooms","status":"passed","title":"materializes a scratch sheet before starting public asks in blank rooms","duration":324.9299000000001,"failureMessages":[],"meta":{}},{"ancestorTitles":["agentJobs runtime contract"],"fullName":"agentJobs runtime contract routes diligence asks to the company research sheet before active-note context","status":"passed","title":"routes diligence asks to the company research sheet before active-note context","duration":318.91460000000006,"failureMessages":[],"meta":{}},{"ancestorTitles":["agentJobs runtime contract"],"fullName":"agentJobs runtime contract routes explicit Diligence memo note drafting asks to the note before research heuristics","status":"passed","title":"routes explicit Diligence memo note drafting asks to the note before research heuristics","duration":306.6764000000003,"failureMessages":[],"meta":{}},{"ancestorTitles":["agentJobs runtime contract"],"fullName":"agentJobs runtime contract does not reuse terminal public ask jobs for later reruns with the same idempotency key","status":"passed","title":"does not reuse terminal public ask jobs for later reruns with the same idempotency key","duration":408.9851000000008,"failureMessages":[],"meta":{}},{"ancestorTitles":["agentJobs runtime contract"],"fullName":"agentJobs runtime contract requeues failed embedding jobs so backoff retries can claim them again","status":"passed","title":"requeues failed embedding jobs so backoff retries can claim them again","duration":463.65539999999964,"failureMessages":[],"meta":{}},{"ancestorTitles":["agentJobs runtime contract"],"fullName":"agentJobs runtime contract persists PlanPreview-blocked public asks without starting a run","status":"passed","title":"persists PlanPreview-blocked public asks without starting a run","duration":299.83269999999993,"failureMessages":[],"meta":{}},{"ancestorTitles":["agentJobs runtime contract"],"fullName":"agentJobs runtime contract keeps PlanPreview-blocked jobs fail-closed on retry","status":"passed","title":"keeps PlanPreview-blocked jobs fail-closed on retry","duration":398.2575999999999,"failureMessages":[],"meta":{}},{"ancestorTitles":["agentJobs runtime contract"],"fullName":"agentJobs runtime contract finishInteractive writes attempts, operation events, and materialized counters","status":"passed","title":"finishInteractive writes attempts, operation events, and materialized counters","duration":255.85789999999997,"failureMessages":[],"meta":{}},{"ancestorTitles":["agentJobs runtime contract"],"fullName":"agentJobs runtime contract records live operation events before an interactive run reaches a terminal state","status":"passed","title":"records live operation events before an interactive run reaches a terminal state","duration":490.5715999999993,"failureMessages":[],"meta":{}},{"ancestorTitles":["agentJobs runtime contract"],"fullName":"agentJobs runtime contract records unified stream events on the job detail timeline","status":"passed","title":"records unified stream events on the job detail timeline","duration":268.59229999999934,"failureMessages":[],"meta":{}},{"ancestorTitles":["agentJobs runtime contract"],"fullName":"agentJobs runtime contract records durable model-step journal rows and replays without overwriting","status":"passed","title":"records durable model-step journal rows and replays without overwriting","duration":468.53480000000036,"failureMessages":[],"meta":{}},{"ancestorTitles":["agentJobs runtime contract"],"fullName":"agentJobs runtime contract claimSlice creates an active lease and finishSlice releases it only for the matching lease","status":"passed","title":"claimSlice creates an active lease and finishSlice releases it only for the matching lease","duration":395.1046000000006,"failureMessages":[],"meta":{}},{"ancestorTitles":["agentJobs runtime contract"],"fullName":"agentJobs runtime contract finishSlice compacts oversized handoff and cursor payloads before patching the job row","status":"passed","title":"finishSlice compacts oversized handoff and cursor payloads before patching the job row","duration":1137.7676999999985,"failureMessages":[],"meta":{}},{"ancestorTitles":["agentJobs runtime contract"],"fullName":"agentJobs runtime contract finishSlice clears a stale slice error after a later clean completion","status":"passed","title":"finishSlice clears a stale slice error after a later clean completion","duration":356.23909999999887,"failureMessages":[],"meta":{}},{"ancestorTitles":["agentJobs runtime contract"],"fullName":"agentJobs runtime contract cancel finalizes the job, releases active leases, and records a checkpoint","status":"passed","title":"cancel finalizes the job, releases active leases, and records a checkpoint","duration":333.8868999999995,"failureMessages":[],"meta":{}},{"ancestorTitles":["agentJobs runtime contract"],"fullName":"agentJobs runtime contract retry requeues a cancelled job with a fresh workflow and fences the old lease","status":"passed","title":"retry requeues a cancelled job with a fresh workflow and fences the old lease","duration":104.99980000000141,"failureMessages":[],"meta":{}},{"ancestorTitles":["agentJobs runtime contract"],"fullName":"agentJobs runtime contract sweeps expired running-job leases into a fenced failed state","status":"passed","title":"sweeps expired running-job leases into a fenced failed state","duration":26.288800000000265,"failureMessages":[],"meta":{}},{"ancestorTitles":["agentJobs runtime contract"],"fullName":"agentJobs runtime contract agent cell edits write mutation receipts and stale CAS conflicts do not","status":"passed","title":"agent cell edits write mutation receipts and stale CAS conflicts do not","duration":43.48829999999907,"failureMessages":[],"meta":{}},{"ancestorTitles":["agentJobs runtime contract"],"fullName":"agentJobs runtime contract requires evidence for agent enrichment columns and protects CRM columns","status":"passed","title":"requires evidence for agent enrichment columns and protects CRM columns","duration":20.7400000000016,"failureMessages":[],"meta":{}},{"ancestorTitles":["agentJobs runtime contract"],"fullName":"agentJobs runtime contract restricts cancel and retry controls to the requester or room host","status":"passed","title":"restricts cancel and retry controls to the requester or room host","duration":14.383399999998801,"failureMessages":[],"meta":{}},{"ancestorTitles":["agentJobs runtime contract"],"fullName":"agentJobs runtime contract redacts private user jobs from other room members and host-level job detail queries","status":"passed","title":"redacts private user jobs from other room members and host-level job detail queries","duration":39.32419999999911,"failureMessages":[],"meta":{}}],"startTime":1783693681989,"endTime":1783693690755.3242,"status":"passed","message":"","name":"D:/VSCode Projects/cafecorner_nodebench/nodebench_ai4/noderoom/tests/agentJobsRuntime.test.ts"},{"assertionResults":[{"ancestorTitles":["long-running agent job source invariants"],"fullName":"long-running agent job source invariants schedules continuation inside finishSlice, not after the action checkpoint returns","status":"passed","title":"schedules continuation inside finishSlice, not after the action checkpoint returns","duration":2.5146000000002005,"failureMessages":[],"meta":{}},{"ancestorTitles":["long-running agent job source invariants"],"fullName":"long-running agent job source invariants has user-operable cancel and retry states for the featured free-auto path","status":"passed","title":"has user-operable cancel and retry states for the featured free-auto path","duration":1.1568999999999505,"failureMessages":[],"meta":{}},{"ancestorTitles":["long-running agent job source invariants"],"fullName":"long-running agent job source invariants starts free-auto through Convex Workflow while preserving scheduler fallback for old jobs","status":"passed","title":"starts free-auto through Convex Workflow while preserving scheduler fallback for old jobs","duration":1.4487000000001444,"failureMessages":[],"meta":{}},{"ancestorTitles":["long-running agent job source invariants"],"fullName":"long-running agent job source invariants expands spreadsheet locks through formula dependency records","status":"passed","title":"expands spreadsheet locks through formula dependency records","duration":0.4260999999999058,"failureMessages":[],"meta":{}},{"ancestorTitles":["long-running agent job source invariants"],"fullName":"long-running agent job source invariants uses agentJobs as the durable root for interactive and free agent requests","status":"passed","title":"uses agentJobs as the durable root for interactive and free agent requests","duration":2.7971000000000004,"failureMessages":[],"meta":{}},{"ancestorTitles":["long-running agent job source invariants"],"fullName":"long-running agent job source invariants supports benchmark-completion limits by explicit flag, focus mode, or benchmark goal inference","status":"passed","title":"supports benchmark-completion limits by explicit flag, focus mode, or benchmark goal inference","duration":1.636299999999892,"failureMessages":[],"meta":{}},{"ancestorTitles":["long-running agent job source invariants"],"fullName":"long-running agent job source invariants keeps /ask model policy during workflow handoff while allowing /free overrides","status":"passed","title":"keeps /ask model policy during workflow handoff while allowing /free overrides","duration":0.8471999999999298,"failureMessages":[],"meta":{}},{"ancestorTitles":["long-running agent job source invariants"],"fullName":"long-running agent job source invariants enforces provider route receipts and private-stream egress gates","status":"passed","title":"enforces provider route receipts and private-stream egress gates","duration":1.086699999999837,"failureMessages":[],"meta":{}},{"ancestorTitles":["long-running agent job source invariants"],"fullName":"long-running agent job source invariants preflights every readable room artifact before provider-backed public/free runs","status":"passed","title":"preflights every readable room artifact before provider-backed public/free runs","duration":1.0032000000001062,"failureMessages":[],"meta":{}},{"ancestorTitles":["long-running agent job source invariants"],"fullName":"long-running agent job source invariants blocks uploaded-file free jobs unless paid file-egress promotion is explicit","status":"passed","title":"blocks uploaded-file free jobs unless paid file-egress promotion is explicit","duration":2.5633000000000266,"failureMessages":[],"meta":{}},{"ancestorTitles":["long-running agent job source invariants"],"fullName":"long-running agent job source invariants does not assume provider-produced batch tool args always carry an ops array","status":"passed","title":"does not assume provider-produced batch tool args always carry an ops array","duration":0.7163000000000466,"failureMessages":[],"meta":{}},{"ancestorTitles":["long-running agent job source invariants"],"fullName":"long-running agent job source invariants applies the server-side PlanPreview admission gate to public /ask before provider work","status":"passed","title":"applies the server-side PlanPreview admission gate to public /ask before provider work","duration":0.853099999999813,"failureMessages":[],"meta":{}},{"ancestorTitles":["long-running agent job source invariants"],"fullName":"long-running agent job source invariants restricts long-running job controls to the requester or host","status":"passed","title":"restricts long-running job controls to the requester or host","duration":0.5653999999999542,"failureMessages":[],"meta":{}},{"ancestorTitles":["long-running agent job source invariants"],"fullName":"long-running agent job source invariants clamps action budgets below the Convex ceiling with reserve and safety margin","status":"passed","title":"clamps action budgets below the Convex ceiling with reserve and safety margin","duration":0.8143000000000029,"failureMessages":[],"meta":{}},{"ancestorTitles":["long-running agent job source invariants"],"fullName":"long-running agent job source invariants keeps production public job slices completion-oriented instead of capped at 8 steps","status":"passed","title":"keeps production public job slices completion-oriented instead of capped at 8 steps","duration":0.4149999999999636,"failureMessages":[],"meta":{}},{"ancestorTitles":["long-running agent job source invariants"],"fullName":"long-running agent job source invariants registers the live starter room proof command","status":"passed","title":"registers the live starter room proof command","duration":0.45870000000013533,"failureMessages":[],"meta":{}},{"ancestorTitles":["long-running agent job source invariants"],"fullName":"long-running agent job source invariants keeps browser-run receipts separate from canonical verifier receipts by default","status":"passed","title":"keeps browser-run receipts separate from canonical verifier receipts by default","duration":0.662499999999909,"failureMessages":[],"meta":{}},{"ancestorTitles":["long-running agent job source invariants"],"fullName":"long-running agent job source invariants round-trips Gemini tool-call thought signatures for resumed jobs","status":"passed","title":"round-trips Gemini tool-call thought signatures for resumed jobs","duration":0.6418999999998505,"failureMessages":[],"meta":{}},{"ancestorTitles":["long-running agent job source invariants"],"fullName":"long-running agent job source invariants persists provider-step journals for crash-safe model replay","status":"passed","title":"persists provider-step journals for crash-safe model replay","duration":1.0036999999999807,"failureMessages":[],"meta":{}},{"ancestorTitles":["long-running agent job source invariants"],"fullName":"long-running agent job source invariants defines the operation ledger, receipts, draft operations, and first-class leases","status":"passed","title":"defines the operation ledger, receipts, draft operations, and first-class leases","duration":1.589200000000119,"failureMessages":[],"meta":{}},{"ancestorTitles":["long-running agent job source invariants"],"fullName":"long-running agent job source invariants implements notebook graph mutations and an embedding queue/runner for the unified NodeAgent domain","status":"passed","title":"implements notebook graph mutations and an embedding queue/runner for the unified NodeAgent domain","duration":1.273300000000063,"failureMessages":[],"meta":{}},{"ancestorTitles":["long-running agent job source invariants"],"fullName":"long-running agent job source invariants persists OKF retrieval through Convex tables, outbox, vector index, live room tool port, and Trace Lens UI","status":"passed","title":"persists OKF retrieval through Convex tables, outbox, vector index, live room tool port, and Trace Lens UI","duration":2.278200000000197,"failureMessages":[],"meta":{}},{"ancestorTitles":["long-running agent job source invariants"],"fullName":"long-running agent job source invariants exposes a browser-readable job detail query linked to attempts, operations, reasoning frames, receipts, leases, and steps","status":"passed","title":"exposes a browser-readable job detail query linked to attempts, operations, reasoning frames, receipts, leases, and steps","duration":2.6228000000000975,"failureMessages":[],"meta":{}},{"ancestorTitles":["long-running agent job source invariants"],"fullName":"long-running agent job source invariants streams workflow-sliced public agent progress through live operation rows","status":"passed","title":"streams workflow-sliced public agent progress through live operation rows","duration":1.3369000000000142,"failureMessages":[],"meta":{}},{"ancestorTitles":["long-running agent job source invariants"],"fullName":"long-running agent job source invariants streams actual public LLM text deltas through durable message streams","status":"passed","title":"streams actual public LLM text deltas through durable message streams","duration":1.950900000000047,"failureMessages":[],"meta":{}},{"ancestorTitles":["long-running agent job source invariants"],"fullName":"long-running agent job source invariants exposes a UIMessage-shaped unified stream beside durable job detail","status":"passed","title":"exposes a UIMessage-shaped unified stream beside durable job detail","duration":4.522699999999986,"failureMessages":[],"meta":{}},{"ancestorTitles":["long-running agent job source invariants"],"fullName":"long-running agent job source invariants dispatches public NodeAgent asks through server-side target resolution","status":"passed","title":"dispatches public NodeAgent asks through server-side target resolution","duration":1.261299999999892,"failureMessages":[],"meta":{}},{"ancestorTitles":["long-running agent job source invariants"],"fullName":"long-running agent job source invariants keeps NodeAgent execution server-side instead of relying on client_action as a production primitive","status":"passed","title":"keeps NodeAgent execution server-side instead of relying on client_action as a production primitive","duration":0.8770999999999276,"failureMessages":[],"meta":{}},{"ancestorTitles":["long-running agent job source invariants"],"fullName":"long-running agent job source invariants classifies notebook tools and treats review-mode proposals as successful operations","status":"passed","title":"classifies notebook tools and treats review-mode proposals as successful operations","duration":0.9516000000000986,"failureMessages":[],"meta":{}}],"startTime":1783693663130,"endTime":1783693663170.9517,"status":"passed","message":"","name":"D:/VSCode Projects/cafecorner_nodebench/nodebench_ai4/noderoom/tests/agentJobsSource.test.ts"},{"assertionResults":[{"ancestorTitles":["retry classification (async_reliability layer 2)"],"fullName":"retry classification (async_reliability layer 2) treats 429/5xx/network/timeout as transient","status":"passed","title":"treats 429/5xx/network/timeout as transient","duration":4.386099999999942,"failureMessages":[],"meta":{}},{"ancestorTitles":["retry classification (async_reliability layer 2)"],"fullName":"retry classification (async_reliability layer 2) never retries 4xx (non-429) or an abort","status":"passed","title":"never retries 4xx (non-429) or an abort","duration":0.9084000000000287,"failureMessages":[],"meta":{}},{"ancestorTitles":["retry classification (async_reliability layer 2)"],"fullName":"retry classification (async_reliability layer 2) backoff escalates 2s→6s→18s with bounded jitter (no thundering herd)","status":"passed","title":"backoff escalates 2s→6s→18s with bounded jitter (no thundering herd)","duration":0.9544000000000779,"failureMessages":[],"meta":{}},{"ancestorTitles":["idempotency (async_reliability layer 1 — no concurrent duplicate runs)"],"fullName":"idempotency (async_reliability layer 1 — no concurrent duplicate runs) same (room,artifact,actor,goal) always collides; normalizes whitespace/case","status":"passed","title":"same (room,artifact,actor,goal) always collides; normalizes whitespace/case","duration":1.7531000000001313,"failureMessages":[],"meta":{}},{"ancestorTitles":["idempotency (async_reliability layer 1 — no concurrent duplicate runs)"],"fullName":"idempotency (async_reliability layer 1 — no concurrent duplicate runs) reuses an in-flight run, dedupes a rapid double-submit, allows a fresh run later","status":"passed","title":"reuses an in-flight run, dedupes a rapid double-submit, allows a fresh run later","duration":0.7307000000000698,"failureMessages":[],"meta":{}},{"ancestorTitles":["pause → resume → complete (async_reliability: long-running, no double-work)"],"fullName":"pause → resume → complete (async_reliability: long-running, no double-work) a budget-paused run hands off, then resumes from its messages and finishes the edit exactly once","status":"passed","title":"a budget-paused run hands off, then resumes from its messages and finishes the edit exactly once","duration":28.495200000000068,"failureMessages":[],"meta":{}}],"startTime":1783693672237,"endTime":1783693672275.495,"status":"passed","message":"","name":"D:/VSCode Projects/cafecorner_nodebench/nodebench_ai4/noderoom/tests/agentReliability.test.ts"},{"assertionResults":[{"ancestorTitles":["agent runtime — collaboration under concurrency"],"fullName":"agent runtime — collaboration under concurrency happy path: claim → read → CAS edit → release commits both cells with no conflicts","status":"passed","title":"happy path: claim → read → CAS edit → release commits both cells with no conflicts","duration":39.51889999999912,"failureMessages":[],"meta":{}},{"ancestorTitles":["agent runtime — collaboration under concurrency"],"fullName":"agent runtime — collaboration under concurrency treats a blank artifactId like the primary artifact for provider tool calls","status":"passed","title":"treats a blank artifactId like the primary artifact for provider tool calls","duration":3.447700000000623,"failureMessages":[],"meta":{}},{"ancestorTitles":["agent runtime — collaboration under concurrency"],"fullName":"agent runtime — collaboration under concurrency review mode creates one proposal per target, then releases the lock without duplicate retries","status":"passed","title":"review mode creates one proposal per target, then releases the lock without duplicate retries","duration":7.378099999999904,"failureMessages":[],"meta":{}},{"ancestorTitles":["agent runtime — collaboration under concurrency"],"fullName":"agent runtime — collaboration under concurrency CAS conflict (no lock): a concurrent human edit forces a re-read + retry — the stale write is rejected, not clobbered","status":"passed","title":"CAS conflict (no lock): a concurrent human edit forces a re-read + retry — the stale write is rejected, not clobbered","duration":3.9843999999993684,"failureMessages":[],"meta":{}},{"ancestorTitles":["agent runtime — collaboration under concurrency"],"fullName":"agent runtime — collaboration under concurrency lock prevents the race: while the agent holds the lock, a concurrent human write is BLOCKED (no conflict needed)","status":"passed","title":"lock prevents the race: while the agent holds the lock, a concurrent human write is BLOCKED (no conflict needed)","duration":3.4103999999988446,"failureMessages":[],"meta":{}},{"ancestorTitles":["agent runtime — collaboration under concurrency"],"fullName":"agent runtime — collaboration under concurrency locked range → draft → smart-merge: a blocked agent drafts instead of waiting, and never clobbers","status":"passed","title":"locked range → draft → smart-merge: a blocked agent drafts instead of waiting, and never clobbers","duration":4.683199999999488,"failureMessages":[],"meta":{}},{"ancestorTitles":["agent runtime — collaboration under concurrency"],"fullName":"agent runtime — collaboration under concurrency step budget: a non-terminating model is bounded, not infinite","status":"passed","title":"step budget: a non-terminating model is bounded, not infinite","duration":2.636000000000422,"failureMessages":[],"meta":{}},{"ancestorTitles":["agent runtime — collaboration under concurrency"],"fullName":"agent runtime — collaboration under concurrency stops after a terminal say tool for read/report-only goals","status":"passed","title":"stops after a terminal say tool for read/report-only goals","duration":2.769800000000032,"failureMessages":[],"meta":{}},{"ancestorTitles":["agent runtime — collaboration under concurrency"],"fullName":"agent runtime — collaboration under concurrency does not steer read-only report answers into the BTB package tool","status":"passed","title":"does not steer read-only report answers into the BTB package tool","duration":3.1702000000004773,"failureMessages":[],"meta":{}},{"ancestorTitles":["agent runtime — collaboration under concurrency"],"fullName":"agent runtime — collaboration under concurrency does not complete an empty no-op model response before any work","status":"passed","title":"does not complete an empty no-op model response before any work","duration":2.4274999999997817,"failureMessages":[],"meta":{}},{"ancestorTitles":["agent runtime — collaboration under concurrency"],"fullName":"agent runtime — collaboration under concurrency does not complete a text-only answer for a write-intent goal before any write","status":"passed","title":"does not complete a text-only answer for a write-intent goal before any write","duration":1.6691000000009808,"failureMessages":[],"meta":{}},{"ancestorTitles":["agent runtime — collaboration under concurrency"],"fullName":"agent runtime — collaboration under concurrency steers read-looping BTB runs toward the deliverable package tool","status":"passed","title":"steers read-looping BTB runs toward the deliverable package tool","duration":2.575199999999313,"failureMessages":[],"meta":{}},{"ancestorTitles":["agent runtime — collaboration under concurrency"],"fullName":"agent runtime — collaboration under concurrency limits oversized BTB read batches before forcing the package tool","status":"passed","title":"limits oversized BTB read batches before forcing the package tool","duration":3.5380000000004657,"failureMessages":[],"meta":{}},{"ancestorTitles":["agent runtime — collaboration under concurrency"],"fullName":"agent runtime — collaboration under concurrency restricts overdue BTB runs to the package tool after the package contract is issued","status":"passed","title":"restricts overdue BTB runs to the package tool after the package contract is issued","duration":2.4252999999989697,"failureMessages":[],"meta":{}},{"ancestorTitles":["agent runtime — collaboration under concurrency"],"fullName":"agent runtime — collaboration under concurrency does not fabricate a fallback package when a package-only BTB model still returns no tool call","status":"passed","title":"does not fabricate a fallback package when a package-only BTB model still returns no tool call","duration":2.6288000000004104,"failureMessages":[],"meta":{}},{"ancestorTitles":["agent runtime — collaboration under concurrency"],"fullName":"agent runtime — collaboration under concurrency does not accept a text-only BTB completion before the package tool runs","status":"passed","title":"does not accept a text-only BTB completion before the package tool runs","duration":1.834499999999025,"failureMessages":[],"meta":{}},{"ancestorTitles":["agent runtime — collaboration under concurrency"],"fullName":"agent runtime — collaboration under concurrency requires provider tool calls while a BTB package is still missing","status":"passed","title":"requires provider tool calls while a BTB package is still missing","duration":1.981100000000879,"failureMessages":[],"meta":{}},{"ancestorTitles":["agent runtime — collaboration under concurrency"],"fullName":"agent runtime — collaboration under concurrency recovers from a required-tool no-call before failing the BTB run","status":"passed","title":"recovers from a required-tool no-call before failing the BTB run","duration":2.0945000000010623,"failureMessages":[],"meta":{}},{"ancestorTitles":["agent runtime — collaboration under concurrency"],"fullName":"agent runtime — collaboration under concurrency checkpoints repeated no-tool BTB provider output without exposing a raw terminal marker","status":"passed","title":"checkpoints repeated no-tool BTB provider output without exposing a raw terminal marker","duration":1.9495999999999185,"failureMessages":[],"meta":{}},{"ancestorTitles":["agent runtime — collaboration under concurrency"],"fullName":"agent runtime — collaboration under concurrency does not count failed BTB package attempts as a completed package","status":"passed","title":"does not count failed BTB package attempts as a completed package","duration":2.0763999999999214,"failureMessages":[],"meta":{}},{"ancestorTitles":["agent runtime — collaboration under concurrency"],"fullName":"agent runtime — collaboration under concurrency forces a package-only retry after a BTB package tool rejection","status":"passed","title":"forces a package-only retry after a BTB package tool rejection","duration":2.6589999999996508,"failureMessages":[],"meta":{}},{"ancestorTitles":["agent runtime — collaboration under concurrency"],"fullName":"agent runtime — collaboration under concurrency rejects partial multi-company BTB package calls before files are created","status":"passed","title":"rejects partial multi-company BTB package calls before files are created","duration":36.147399999999834,"failureMessages":[],"meta":{}},{"ancestorTitles":["agent runtime — collaboration under concurrency"],"fullName":"agent runtime — collaboration under concurrency uses a successful BTB package tool result as the terminal final text","status":"passed","title":"uses a successful BTB package tool result as the terminal final text","duration":6.823800000000119,"failureMessages":[],"meta":{}},{"ancestorTitles":["agent runtime — collaboration under concurrency"],"fullName":"agent runtime — collaboration under concurrency rejects malformed BTB task ids with provider tool-call spillover before files are created","status":"passed","title":"rejects malformed BTB task ids with provider tool-call spillover before files are created","duration":4.6141999999999825,"failureMessages":[],"meta":{}},{"ancestorTitles":["agent runtime — collaboration under concurrency"],"fullName":"agent runtime — collaboration under concurrency adds a BTB package contract immediately when resuming an un-packaged run","status":"passed","title":"adds a BTB package contract immediately when resuming an un-packaged run","duration":2.0424000000002707,"failureMessages":[],"meta":{}},{"ancestorTitles":["agent runtime — collaboration under concurrency"],"fullName":"agent runtime — collaboration under concurrency time budget: stops with a resumable handoff before another model turn","status":"passed","title":"time budget: stops with a resumable handoff before another model turn","duration":2.156300000000556,"failureMessages":[],"meta":{}},{"ancestorTitles":["agent runtime — collaboration under concurrency"],"fullName":"agent runtime — collaboration under concurrency resumes a long-running job across multiple step-budget slices","status":"passed","title":"resumes a long-running job across multiple step-budget slices","duration":4.301900000000387,"failureMessages":[],"meta":{}},{"ancestorTitles":["agent runtime — collaboration under concurrency"],"fullName":"agent runtime — collaboration under concurrency resumes remaining tool calls when a slice hands off mid-turn","status":"passed","title":"resumes remaining tool calls when a slice hands off mid-turn","duration":2.886000000000422,"failureMessages":[],"meta":{}},{"ancestorTitles":["agent runtime — collaboration under concurrency"],"fullName":"agent runtime — collaboration under concurrency tool exceptions carry a partial trace for durable failure telemetry","status":"passed","title":"tool exceptions carry a partial trace for durable failure telemetry","duration":3.9377000000004045,"failureMessages":[],"meta":{}},{"ancestorTitles":["agent runtime — collaboration under concurrency"],"fullName":"agent runtime — collaboration under concurrency feeds provider argument validation exceptions back as recoverable tool results","status":"passed","title":"feeds provider argument validation exceptions back as recoverable tool results","duration":3.257400000000416,"failureMessages":[],"meta":{}}],"startTime":1783693674929,"endTime":1783693675095.2573,"status":"passed","message":"","name":"D:/VSCode Projects/cafecorner_nodebench/nodebench_ai4/noderoom/tests/agentRuntime.test.ts"},{"assertionResults":[{"ancestorTitles":["NodeAgent unified stream parts"],"fullName":"NodeAgent unified stream parts assembles text and tool lifecycle events into UIMessage-shaped parts","status":"passed","title":"assembles text and tool lifecycle events into UIMessage-shaped parts","duration":4.901299999999992,"failureMessages":[],"meta":{}},{"ancestorTitles":["NodeAgent unified stream parts"],"fullName":"NodeAgent unified stream parts emits runtime tool start/result events without changing tool execution","status":"passed","title":"emits runtime tool start/result events without changing tool execution","duration":9.993900000000053,"failureMessages":[],"meta":{}},{"ancestorTitles":["NodeAgent unified stream parts"],"fullName":"NodeAgent unified stream parts does not mark successful tool results failed just because error is undefined","status":"passed","title":"does not mark successful tool results failed just because error is undefined","duration":3.663099999999986,"failureMessages":[],"meta":{}},{"ancestorTitles":["NodeAgent unified stream parts"],"fullName":"NodeAgent unified stream parts feeds invalid tool arguments back as recoverable structured errors","status":"passed","title":"feeds invalid tool arguments back as recoverable structured errors","duration":4.9728000000000065,"failureMessages":[],"meta":{}},{"ancestorTitles":["NodeAgent unified stream parts"],"fullName":"NodeAgent unified stream parts reconciles final text when message_done contains a longer materialized answer","status":"passed","title":"reconciles final text when message_done contains a longer materialized answer","duration":0.5791000000000395,"failureMessages":[],"meta":{}}],"startTime":1783693668044,"endTime":1783693668068.579,"status":"passed","message":"","name":"D:/VSCode Projects/cafecorner_nodebench/nodebench_ai4/noderoom/tests/agentStreamParts.test.ts"},{"assertionResults":[{"ancestorTitles":["agent workspace process sandbox"],"fullName":"agent workspace process sandbox allows agent workspace reads and blocks evaluator-only reads in a subprocess","status":"passed","title":"allows agent workspace reads and blocks evaluator-only reads in a subprocess","duration":397.61969999999997,"failureMessages":[],"meta":{}}],"startTime":1783693679025,"endTime":1783693679422.6196,"status":"passed","message":"","name":"D:/VSCode Projects/cafecorner_nodebench/nodebench_ai4/noderoom/tests/agentWorkspaceSandbox.test.ts"},{"assertionResults":[{"ancestorTitles":["Algorithm artifacts"],"fullName":"Algorithm artifacts turns a formula artifact into an evidence-bearing patch bundle without committing","status":"passed","title":"turns a formula artifact into an evidence-bearing patch bundle without committing","duration":29.092499999999973,"failureMessages":[],"meta":{}},{"ancestorTitles":["Algorithm artifacts"],"fullName":"Algorithm artifacts reruns from a changed snapshot without another model plan","status":"passed","title":"reruns from a changed snapshot without another model plan","duration":2.343900000000076,"failureMessages":[],"meta":{}},{"ancestorTitles":["Algorithm artifacts"],"fullName":"Algorithm artifacts runs through the production tool lane and then commits through managed CAS writes","status":"passed","title":"runs through the production tool lane and then commits through managed CAS writes","duration":20.195799999999963,"failureMessages":[],"meta":{}},{"ancestorTitles":["Algorithm artifacts"],"fullName":"Algorithm artifacts rejects unknown identifiers and non-deterministic constraints before reading cells","status":"passed","title":"rejects unknown identifiers and non-deterministic constraints before reading cells","duration":1.7859000000000833,"failureMessages":[],"meta":{}}],"startTime":1783693671064,"endTime":1783693671117.786,"status":"passed","message":"","name":"D:/VSCode Projects/cafecorner_nodebench/nodebench_ai4/noderoom/tests/algorithmArtifacts.test.ts"},{"assertionResults":[{"ancestorTitles":["all-artifact edits — a NodeAgent edits a NOTE"],"fullName":"all-artifact edits — a NodeAgent edits a NOTE rewrites the doc body with CAS and the new value is visible in the snapshot","status":"passed","title":"rewrites the doc body with CAS and the new value is visible in the snapshot","duration":7.078199999999924,"failureMessages":[],"meta":{}},{"ancestorTitles":["all-artifact edits — a NodeAgent edits a NOTE"],"fullName":"all-artifact edits — a NodeAgent edits a NOTE returns a conflict (no clobber) on a stale base version","status":"passed","title":"returns a conflict (no clobber) on a stale base version","duration":1.1392999999999347,"failureMessages":[],"meta":{}},{"ancestorTitles":["all-artifact edits — a NodeAgent edits a NOTE"],"fullName":"all-artifact edits — a NodeAgent edits a NOTE accepts a read_notebook legacy blockId as an append_notebook_outline anchor","status":"passed","title":"accepts a read_notebook legacy blockId as an append_notebook_outline anchor","duration":23.359500000000025,"failureMessages":[],"meta":{}},{"ancestorTitles":["all-artifact edits — a NodeAgent works the post-it WALL (create / move / delete)"],"fullName":"all-artifact edits — a NodeAgent works the post-it WALL (create / move / delete) creates a new post-it with kind 'create'","status":"passed","title":"creates a new post-it with kind 'create'","duration":0.8442999999999756,"failureMessages":[],"meta":{}},{"ancestorTitles":["all-artifact edits — a NodeAgent works the post-it WALL (create / move / delete)"],"fullName":"all-artifact edits — a NodeAgent works the post-it WALL (create / move / delete) moves an existing post-it with CAS, and rejects a stale move","status":"passed","title":"moves an existing post-it with CAS, and rejects a stale move","duration":0.8069000000000415,"failureMessages":[],"meta":{}},{"ancestorTitles":["all-artifact edits — a NodeAgent works the post-it WALL (create / move / delete)"],"fullName":"all-artifact edits — a NodeAgent works the post-it WALL (create / move / delete) deletes a post-it with kind 'delete'","status":"passed","title":"deletes a post-it with kind 'delete'","duration":0.6281000000000176,"failureMessages":[],"meta":{}},{"ancestorTitles":["all-artifact edits — kind-agnostic context builders"],"fullName":"all-artifact edits — kind-agnostic context builders buildNoteContext serves the BLOCK protocol when the notebook lane exists","status":"passed","title":"buildNoteContext serves the BLOCK protocol when the notebook lane exists","duration":2.742399999999975,"failureMessages":[],"meta":{}},{"ancestorTitles":["all-artifact edits — kind-agnostic context builders"],"fullName":"all-artifact edits — kind-agnostic context builders buildNoteContext keeps the legacy doc-element protocol when the notebook lane is absent","status":"passed","title":"buildNoteContext keeps the legacy doc-element protocol when the notebook lane is absent","duration":1.0927000000000362,"failureMessages":[],"meta":{}},{"ancestorTitles":["all-artifact edits — kind-agnostic context builders"],"fullName":"all-artifact edits — kind-agnostic context builders buildWallContext lists existing post-its + how to add one","status":"passed","title":"buildWallContext lists existing post-its + how to add one","duration":1.3894000000000233,"failureMessages":[],"meta":{}}],"startTime":1783693667508,"endTime":1783693667547.3894,"status":"passed","message":"","name":"D:/VSCode Projects/cafecorner_nodebench/nodebench_ai4/noderoom/tests/allArtifactEdits.test.ts"},{"assertionResults":[{"ancestorTitles":["seedPublicRoom + public queries"],"fullName":"seedPublicRoom + public queries seeds Expositio Pulse idempotently (a re-seed never clobbers state)","status":"passed","title":"seeds Expositio Pulse idempotently (a re-seed never clobbers state)","duration":310.9339,"failureMessages":[],"meta":{}},{"ancestorTitles":["seedPublicRoom + public queries"],"fullName":"seedPublicRoom + public queries re-seed migrates a pre-slash-fix source URL instead of inserting a twin","status":"passed","title":"re-seed migrates a pre-slash-fix source URL instead of inserting a twin","duration":10.718399999999747,"failureMessages":[],"meta":{}},{"ancestorTitles":["seedPublicRoom + public queries"],"fullName":"seedPublicRoom + public queries listPublicRooms returns demo-parity cards with ONLY card fields","status":"passed","title":"listPublicRooms returns demo-parity cards with ONLY card fields","duration":10.714899999999943,"failureMessages":[],"meta":{}},{"ancestorTitles":["seedPublicRoom + public queries"],"fullName":"seedPublicRoom + public queries hides paused rooms from the landing gallery","status":"passed","title":"hides paused rooms from the landing gallery","duration":8.957800000000134,"failureMessages":[],"meta":{}},{"ancestorTitles":["seedPublicRoom + public queries"],"fullName":"seedPublicRoom + public queries getPublicRoomBundle returns room+state+runs+sources and null for unknown slugs","status":"passed","title":"getPublicRoomBundle returns room+state+runs+sources and null for unknown slugs","duration":11.51240000000007,"failureMessages":[],"meta":{}},{"ancestorTitles":["seedPublicRoom + public queries"],"fullName":"seedPublicRoom + public queries PII adversary: no email, token hash, or source content hash ever leaves a public query","status":"passed","title":"PII adversary: no email, token hash, or source content hash ever leaves a public query","duration":23.46979999999985,"failureMessages":[],"meta":{}},{"ancestorTitles":["subscription lifecycle (double opt-in)"],"fullName":"subscription lifecycle (double opt-in) subscribe stores ONLY sha256 hashes; a planted confirm token drives the confirm flow","status":"passed","title":"subscribe stores ONLY sha256 hashes; a planted confirm token drives the confirm flow","duration":21.198699999999917,"failureMessages":[],"meta":{}},{"ancestorTitles":["subscription lifecycle (double opt-in)"],"fullName":"subscription lifecycle (double opt-in) REGRESSION: subscribe's success return carries NO key matching /token/i (double opt-in is not forgeable)","status":"passed","title":"REGRESSION: subscribe's success return carries NO key matching /token/i (double opt-in is not forgeable)","duration":8.667500000000018,"failureMessages":[],"meta":{}},{"ancestorTitles":["subscription lifecycle (double opt-in)"],"fullName":"subscription lifecycle (double opt-in) honest failure: not-an-email / daily → invalid_email","status":"passed","title":"honest failure: not-an-email / daily → invalid_email","duration":7.91419999999971,"failureMessages":[],"meta":{}},{"ancestorTitles":["subscription lifecycle (double opt-in)"],"fullName":"subscription lifecycle (double opt-in) honest failure: a@b / daily → invalid_email","status":"passed","title":"honest failure: a@b / daily → invalid_email","duration":5.56880000000001,"failureMessages":[],"meta":{}},{"ancestorTitles":["subscription lifecycle (double opt-in)"],"fullName":"subscription lifecycle (double opt-in) honest failure: x@y.com / daily → room_not_found","status":"passed","title":"honest failure: x@y.com / daily → room_not_found","duration":6.412399999999707,"failureMessages":[],"meta":{}},{"ancestorTitles":["subscription lifecycle (double opt-in)"],"fullName":"subscription lifecycle (double opt-in) rejects subscriptions to a paused room honestly","status":"passed","title":"rejects subscriptions to a paused room honestly","duration":6.46309999999994,"failureMessages":[],"meta":{}},{"ancestorTitles":["subscription lifecycle (double opt-in)"],"fullName":"subscription lifecycle (double opt-in) anti-enumeration: pending-capped and already-subscribed probes are byte-identical to a fresh success and insert NOTHING","status":"passed","title":"anti-enumeration: pending-capped and already-subscribed probes are byte-identical to a fresh success and insert NOTHING","duration":24.670700000000124,"failureMessages":[],"meta":{}},{"ancestorTitles":["subscription lifecycle (double opt-in)"],"fullName":"subscription lifecycle (double opt-in) DoS gate: the 11th subscribe inside a minute is rejected honestly (rate_limited), nothing inserted","status":"passed","title":"DoS gate: the 11th subscribe inside a minute is rejected honestly (rate_limited), nothing inserted","duration":55.914800000000014,"failureMessages":[],"meta":{}},{"ancestorTitles":["subscription lifecycle (double opt-in)"],"fullName":"subscription lifecycle (double opt-in) room cap counts ONLY live rows: 5000 unsubscribed rows don't consume it; 5000 live rows reject honestly","status":"passed","title":"room cap counts ONLY live rows: 5000 unsubscribed rows don't consume it; 5000 live rows reject honestly","duration":1803.9550000000004,"failureMessages":[],"meta":{}},{"ancestorTitles":["subscription lifecycle (double opt-in)"],"fullName":"subscription lifecycle (double opt-in) confirm/unsubscribe reject garbage and unknown tokens without leaking which","status":"passed","title":"confirm/unsubscribe reject garbage and unknown tokens without leaking which","duration":14.373800000000301,"failureMessages":[],"meta":{}},{"ancestorTitles":["subscription lifecycle (double opt-in)"],"fullName":"subscription lifecycle (double opt-in) unsubscribe by raw token is idempotent and blocks later confirmation","status":"passed","title":"unsubscribe by raw token is idempotent and blocks later confirmation","duration":15.767000000000735,"failureMessages":[],"meta":{}},{"ancestorTitles":["scanDuePublicRooms (deterministic scan)"],"fullName":"scanDuePublicRooms (deterministic scan) changed page → completed run, new papers, template brief, source hash bookkeeping","status":"passed","title":"changed page → completed run, new papers, template brief, source hash bookkeeping","duration":33.45809999999983,"failureMessages":[],"meta":{}},{"ancestorTitles":["scanDuePublicRooms (deterministic scan)"],"fullName":"scanDuePublicRooms (deterministic scan) unchanged page → honest 'skipped' run with zero credits and no fetch-derived writes","status":"passed","title":"unchanged page → honest 'skipped' run with zero credits and no fetch-derived writes","duration":19.895300000000134,"failureMessages":[],"meta":{}},{"ancestorTitles":["scanDuePublicRooms (deterministic scan)"],"fullName":"scanDuePublicRooms (deterministic scan) reprocesses legacy raw HTML hashes after the extractor contract changes","status":"passed","title":"reprocesses legacy raw HTML hashes after the extractor contract changes","duration":20.945300000000316,"failureMessages":[],"meta":{}},{"ancestorTitles":["scanDuePublicRooms (deterministic scan)"],"fullName":"scanDuePublicRooms (deterministic scan) scrubs prior Expositio nav/filter pollution while preserving real paper rows","status":"passed","title":"scrubs prior Expositio nav/filter pollution while preserving real paper rows","duration":15.45510000000013,"failureMessages":[],"meta":{}},{"ancestorTitles":["scanDuePublicRooms (deterministic scan)"],"fullName":"scanDuePublicRooms (deterministic scan) a room that is not due is left alone entirely","status":"passed","title":"a room that is not due is left alone entirely","duration":6.313799999999901,"failureMessages":[],"meta":{}},{"ancestorTitles":["scanDuePublicRooms (deterministic scan)"],"fullName":"scanDuePublicRooms (deterministic scan) operator force can re-scan one room by slug without waiting for cadence","status":"passed","title":"operator force can re-scan one room by slug without waiting for cadence","duration":13.46979999999985,"failureMessages":[],"meta":{}},{"ancestorTitles":["scanDuePublicRooms (deterministic scan)"],"fullName":"scanDuePublicRooms (deterministic scan) operator force scoped to another slug does not scan this room","status":"passed","title":"operator force scoped to another slug does not scan this room","duration":5.596199999999953,"failureMessages":[],"meta":{}},{"ancestorTitles":["scanDuePublicRooms (deterministic scan)"],"fullName":"scanDuePublicRooms (deterministic scan) upstream outage → honest 'failed' run + failed source, never a fake success","status":"passed","title":"upstream outage → honest 'failed' run + failed source, never a fake success","duration":10.343799999999646,"failureMessages":[],"meta":{}},{"ancestorTitles":["scanDuePublicRooms (deterministic scan)"],"fullName":"scanDuePublicRooms (deterministic scan) network exception → failed run with the error recorded (ERROR_BOUNDARY)","status":"passed","title":"network exception → failed run with the error recorded (ERROR_BOUNDARY)","duration":11.553100000000086,"failureMessages":[],"meta":{}},{"ancestorTitles":["scanDuePublicRooms (deterministic scan)"],"fullName":"scanDuePublicRooms (deterministic scan) SSRF probe: a smuggled non-allowlisted source is blocked BEFORE any fetch","status":"passed","title":"SSRF probe: a smuggled non-allowlisted source is blocked BEFORE any fetch","duration":22.440599999999904,"failureMessages":[],"meta":{}},{"ancestorTitles":["scanDuePublicRooms (deterministic scan)"],"fullName":"scanDuePublicRooms (deterministic scan) monthly credit cap exhausted → honest 'capped' run, zero fetches","status":"passed","title":"monthly credit cap exhausted → honest 'capped' run, zero fetches","duration":12.949099999999817,"failureMessages":[],"meta":{}},{"ancestorTitles":["scanDuePublicRooms (deterministic scan)"],"fullName":"scanDuePublicRooms (deterministic scan) operator force still fails closed when the monthly cap is exhausted","status":"passed","title":"operator force still fails closed when the monthly cap is exhausted","duration":16.46649999999954,"failureMessages":[],"meta":{}},{"ancestorTitles":["scanDuePublicRooms (deterministic scan)"],"fullName":"scanDuePublicRooms (deterministic scan) per-run credit cap → 'capped' run and fetch-derived state writes withheld","status":"passed","title":"per-run credit cap → 'capped' run and fetch-derived state writes withheld","duration":9.886999999999716,"failureMessages":[],"meta":{}},{"ancestorTitles":["enqueueDigestOutbox + transitionOutbox"],"fullName":"enqueueDigestOutbox + transitionOutbox drafts for active subscribers, honestly skips inactive ones, dedupes on re-run","status":"passed","title":"drafts for active subscribers, honestly skips inactive ones, dedupes on re-run","duration":13.464500000000044,"failureMessages":[],"meta":{}},{"ancestorTitles":["enqueueDigestOutbox + transitionOutbox"],"fullName":"enqueueDigestOutbox + transitionOutbox walks the draft-first machine and rejects invalid transitions honestly","status":"passed","title":"walks the draft-first machine and rejects invalid transitions honestly","duration":32.101700000000164,"failureMessages":[],"meta":{}},{"ancestorTitles":["enqueueDigestOutbox + transitionOutbox"],"fullName":"enqueueDigestOutbox + transitionOutbox failed → pending_draft is bounded to ONE retry","status":"passed","title":"failed → pending_draft is bounded to ONE retry","duration":9.578400000000329,"failureMessages":[],"meta":{}},{"ancestorTitles":["enqueueDigestOutbox + transitionOutbox"],"fullName":"enqueueDigestOutbox + transitionOutbox rejects an unknown outbox row and an unknown room honestly","status":"passed","title":"rejects an unknown outbox row and an unknown room honestly","duration":5.215500000000247,"failureMessages":[],"meta":{}},{"ancestorTitles":["alwaysOnShape pure helpers"],"fullName":"alwaysOnShape pure helpers evaluateSubscriptionRequest covers the full decision matrix (honest failures, anti-enumeration noops, rate window)","status":"passed","title":"evaluateSubscriptionRequest covers the full decision matrix (honest failures, anti-enumeration noops, rate window)","duration":0.8554999999996653,"failureMessages":[],"meta":{}},{"ancestorTitles":["alwaysOnShape pure helpers"],"fullName":"alwaysOnShape pure helpers toPublicRoomCard/toPublicRoomBundle drop planted PII fields (explicit picks, no spreads)","status":"passed","title":"toPublicRoomCard/toPublicRoomBundle drop planted PII fields (explicit picks, no spreads)","duration":5.091400000000249,"failureMessages":[],"meta":{}},{"ancestorTitles":["alwaysOnShape pure helpers"],"fullName":"alwaysOnShape pure helpers findForbiddenPublicKeys catches nested leaks with their paths","status":"passed","title":"findForbiddenPublicKeys catches nested leaks with their paths","duration":1.252900000000409,"failureMessages":[],"meta":{}},{"ancestorTitles":["alwaysOnShape pure helpers"],"fullName":"alwaysOnShape pure helpers applyScanDiff: new/updated/demote/keep semantics","status":"passed","title":"applyScanDiff: new/updated/demote/keep semantics","duration":1.3500000000003638,"failureMessages":[],"meta":{}},{"ancestorTitles":["alwaysOnShape pure helpers"],"fullName":"alwaysOnShape pure helpers applyScanDiff BOUND: never exceeds 500 tracked papers, new items first","status":"passed","title":"applyScanDiff BOUND: never exceeds 500 tracked papers, new items first","duration":1.193000000000211,"failureMessages":[],"meta":{}},{"ancestorTitles":["alwaysOnShape pure helpers"],"fullName":"alwaysOnShape pure helpers boundRunlog keeps the 60 newest entries, newest first","status":"passed","title":"boundRunlog keeps the 60 newest entries, newest first","duration":0.6652000000003682,"failureMessages":[],"meta":{}},{"ancestorTitles":["alwaysOnShape pure helpers"],"fullName":"alwaysOnShape pure helpers planOutboxEnqueue dedupes and skips inactive subscribers honestly","status":"passed","title":"planOutboxEnqueue dedupes and skips inactive subscribers honestly","duration":0.4544999999998254,"failureMessages":[],"meta":{}},{"ancestorTitles":["alwaysOnShape pure helpers"],"fullName":"alwaysOnShape pure helpers retryDecision allows exactly one retry","status":"passed","title":"retryDecision allows exactly one retry","duration":0.3544000000001688,"failureMessages":[],"meta":{}},{"ancestorTitles":["alwaysOnShape pure helpers"],"fullName":"alwaysOnShape pure helpers isRoomDue honors cadence with cron-drift tolerance","status":"passed","title":"isRoomDue honors cadence with cron-drift tolerance","duration":0.3548000000000684,"failureMessages":[],"meta":{}},{"ancestorTitles":["alwaysOnShape pure helpers"],"fullName":"alwaysOnShape pure helpers estimateScanCredits is deterministic, zero when nothing changed, small when changed","status":"passed","title":"estimateScanCredits is deterministic, zero when nothing changed, small when changed","duration":0.43760000000020227,"failureMessages":[],"meta":{}},{"ancestorTitles":["alwaysOnShape pure helpers"],"fullName":"alwaysOnShape pure helpers runStatusToRoomStatus maps completed→ok and passes failure statuses through","status":"passed","title":"runStatusToRoomStatus maps completed→ok and passes failure statuses through","duration":0.2988999999997759,"failureMessages":[],"meta":{}},{"ancestorTitles":["alwaysOnShape pure helpers"],"fullName":"alwaysOnShape pure helpers selectPrunableAlwaysOnRow: runs age out at 30d; outbox TERMINAL-only at 30d; subs pending 7d / unsubscribed 30d / active NEVER","status":"passed","title":"selectPrunableAlwaysOnRow: runs age out at 30d; outbox TERMINAL-only at 30d; subs pending 7d / unsubscribed 30d / active NEVER","duration":1.121299999999792,"failureMessages":[],"meta":{}},{"ancestorTitles":["pruneAlwaysOnRows (retention)"],"fullName":"pruneAlwaysOnRows (retention) windows: 7d takes only stale pending subs; 31d takes runs + TERMINAL outbox + unsubscribed; active subs and live outbox survive","status":"passed","title":"windows: 7d takes only stale pending subs; 31d takes runs + TERMINAL outbox + unsubscribed; active subs and live outbox survive","duration":20.07009999999991,"failureMessages":[],"meta":{}},{"ancestorTitles":["pruneAlwaysOnRows (retention)"],"fullName":"pruneAlwaysOnRows (retention) BOUND: batchPerTable caps deletions per run and a backlog drains across runs","status":"passed","title":"BOUND: batchPerTable caps deletions per run and a backlog drains across runs","duration":8.658199999999852,"failureMessages":[],"meta":{}}],"startTime":1783693682277,"endTime":1783693684929.6582,"status":"passed","message":"","name":"D:/VSCode Projects/cafecorner_nodebench/nodebench_ai4/noderoom/tests/alwaysOnBackend.test.ts"},{"assertionResults":[{"ancestorTitles":["validateSourceUrl (SSRF allowlist gate)"],"fullName":"validateSourceUrl (SSRF allowlist gate) accepts the flagship source over https on the exact allowlisted host","status":"passed","title":"accepts the flagship source over https on the exact allowlisted host","duration":2.5364999999999327,"failureMessages":[],"meta":{}},{"ancestorTitles":["validateSourceUrl (SSRF allowlist gate)"],"fullName":"validateSourceUrl (SSRF allowlist gate) normalizes host case and trailing dot but nothing else","status":"passed","title":"normalizes host case and trailing dot but nothing else","duration":0.7390000000000327,"failureMessages":[],"meta":{}},{"ancestorTitles":["validateSourceUrl (SSRF allowlist gate)"],"fullName":"validateSourceUrl (SSRF allowlist gate) accepts an explicit default port and rejects any other port","status":"passed","title":"accepts an explicit default port and rejects any other port","duration":0.31989999999996144,"failureMessages":[],"meta":{}},{"ancestorTitles":["validateSourceUrl (SSRF allowlist gate)"],"fullName":"validateSourceUrl (SSRF allowlist gate) rejects hostile url http://expositio.org/papers with reason https_required","status":"passed","title":"rejects hostile url http://expositio.org/papers with reason https_required","duration":0.23620000000005348,"failureMessages":[],"meta":{}},{"ancestorTitles":["validateSourceUrl (SSRF allowlist gate)"],"fullName":"validateSourceUrl (SSRF allowlist gate) rejects hostile url ftp://expositio.org/papers with reason https_required","status":"passed","title":"rejects hostile url ftp://expositio.org/papers with reason https_required","duration":0.10269999999991342,"failureMessages":[],"meta":{}},{"ancestorTitles":["validateSourceUrl (SSRF allowlist gate)"],"fullName":"validateSourceUrl (SSRF allowlist gate) rejects hostile url https://user@expositio.org/papers with reason userinfo_not_allowed","status":"passed","title":"rejects hostile url https://user@expositio.org/papers with reason userinfo_not_allowed","duration":0.20400000000017826,"failureMessages":[],"meta":{}},{"ancestorTitles":["validateSourceUrl (SSRF allowlist gate)"],"fullName":"validateSourceUrl (SSRF allowlist gate) rejects hostile url https://user:pass@expositio.org/papers with reason userinfo_not_allowed","status":"passed","title":"rejects hostile url https://user:pass@expositio.org/papers with reason userinfo_not_allowed","duration":0.120600000000195,"failureMessages":[],"meta":{}},{"ancestorTitles":["validateSourceUrl (SSRF allowlist gate)"],"fullName":"validateSourceUrl (SSRF allowlist gate) rejects hostile url https://192.168.1.10/papers with reason ip_literal_not_allowed","status":"passed","title":"rejects hostile url https://192.168.1.10/papers with reason ip_literal_not_allowed","duration":0.09850000000005821,"failureMessages":[],"meta":{}},{"ancestorTitles":["validateSourceUrl (SSRF allowlist gate)"],"fullName":"validateSourceUrl (SSRF allowlist gate) rejects hostile url https://127.0.0.1/papers with reason ip_literal_not_allowed","status":"passed","title":"rejects hostile url https://127.0.0.1/papers with reason ip_literal_not_allowed","duration":0.19559999999978572,"failureMessages":[],"meta":{}},{"ancestorTitles":["validateSourceUrl (SSRF allowlist gate)"],"fullName":"validateSourceUrl (SSRF allowlist gate) rejects hostile url https://10.0.0.1:443/ with reason ip_literal_not_allowed","status":"passed","title":"rejects hostile url https://10.0.0.1:443/ with reason ip_literal_not_allowed","duration":0.15030000000001564,"failureMessages":[],"meta":{}},{"ancestorTitles":["validateSourceUrl (SSRF allowlist gate)"],"fullName":"validateSourceUrl (SSRF allowlist gate) rejects hostile url https://[::1]/papers with reason ip_literal_not_allowed","status":"passed","title":"rejects hostile url https://[::1]/papers with reason ip_literal_not_allowed","duration":0.16150000000016007,"failureMessages":[],"meta":{}},{"ancestorTitles":["validateSourceUrl (SSRF allowlist gate)"],"fullName":"validateSourceUrl (SSRF allowlist gate) rejects hostile url https://[fd00::1]/papers with reason ip_literal_not_allowed","status":"passed","title":"rejects hostile url https://[fd00::1]/papers with reason ip_literal_not_allowed","duration":0.09090000000014697,"failureMessages":[],"meta":{}},{"ancestorTitles":["validateSourceUrl (SSRF allowlist gate)"],"fullName":"validateSourceUrl (SSRF allowlist gate) rejects hostile url https://evil.com/papers with reason host_not_allowed","status":"passed","title":"rejects hostile url https://evil.com/papers with reason host_not_allowed","duration":0.0805000000000291,"failureMessages":[],"meta":{}},{"ancestorTitles":["validateSourceUrl (SSRF allowlist gate)"],"fullName":"validateSourceUrl (SSRF allowlist gate) rejects hostile url https://expositio.org.evil.com/papers with reason host_not_allowed","status":"passed","title":"rejects hostile url https://expositio.org.evil.com/papers with reason host_not_allowed","duration":0.11110000000007858,"failureMessages":[],"meta":{}},{"ancestorTitles":["validateSourceUrl (SSRF allowlist gate)"],"fullName":"validateSourceUrl (SSRF allowlist gate) rejects hostile url https://sub.expositio.org/papers with reason host_not_allowed","status":"passed","title":"rejects hostile url https://sub.expositio.org/papers with reason host_not_allowed","duration":0.07999999999992724,"failureMessages":[],"meta":{}},{"ancestorTitles":["validateSourceUrl (SSRF allowlist gate)"],"fullName":"validateSourceUrl (SSRF allowlist gate) rejects hostile url https://expositio.org.evil.com./papers with reason host_not_allowed","status":"passed","title":"rejects hostile url https://expositio.org.evil.com./papers with reason host_not_allowed","duration":0.06390000000010332,"failureMessages":[],"meta":{}},{"ancestorTitles":["validateSourceUrl (SSRF allowlist gate)"],"fullName":"validateSourceUrl (SSRF allowlist gate) rejects hostile url not a url at all with reason invalid_url","status":"passed","title":"rejects hostile url not a url at all with reason invalid_url","duration":0.11299999999982901,"failureMessages":[],"meta":{}},{"ancestorTitles":["validateSourceUrl (SSRF allowlist gate)"],"fullName":"validateSourceUrl (SSRF allowlist gate) rejects hostile url  with reason invalid_url","status":"passed","title":"rejects hostile url  with reason invalid_url","duration":0.06290000000012697,"failureMessages":[],"meta":{}},{"ancestorTitles":["validateSourceUrl (SSRF allowlist gate)"],"fullName":"validateSourceUrl (SSRF allowlist gate) rejects absurdly long URLs before parsing","status":"passed","title":"rejects absurdly long URLs before parsing","duration":0.13010000000008404,"failureMessages":[],"meta":{}},{"ancestorTitles":["validateSourceUrl (SSRF allowlist gate)"],"fullName":"validateSourceUrl (SSRF allowlist gate) refuses a smuggled allowedHost that would widen the hardcoded allowlist","status":"passed","title":"refuses a smuggled allowedHost that would widen the hardcoded allowlist","duration":0.14010000000007494,"failureMessages":[],"meta":{}},{"ancestorTitles":["contentHash (deterministic change detection)"],"fullName":"contentHash (deterministic change detection) is a 64-char lowercase sha256 hex and is stable across calls","status":"passed","title":"is a 64-char lowercase sha256 hex and is stable across calls","duration":4.120400000000018,"failureMessages":[],"meta":{}},{"ancestorTitles":["contentHash (deterministic change detection)"],"fullName":"contentHash (deterministic change detection) treats CRLF/indentation churn as unchanged (no false 'changed' scans)","status":"passed","title":"treats CRLF/indentation churn as unchanged (no false 'changed' scans)","duration":1.2489000000000487,"failureMessages":[],"meta":{}},{"ancestorTitles":["contentHash (deterministic change detection)"],"fullName":"contentHash (deterministic change detection) detects a real content change (one new paper on the page)","status":"passed","title":"detects a real content change (one new paper on the page)","duration":1.1961999999998625,"failureMessages":[],"meta":{}},{"ancestorTitles":["extractPapersFromHtml (deterministic, bounded parse)"],"fullName":"extractPapersFromHtml (deterministic, bounded parse) parses a messy real-world list: nested tags, entities, mixed quoting","status":"passed","title":"parses a messy real-world list: nested tags, entities, mixed quoting","duration":2.5142000000000735,"failureMessages":[],"meta":{}},{"ancestorTitles":["extractPapersFromHtml (deterministic, bounded parse)"],"fullName":"extractPapersFromHtml (deterministic, bounded parse) returns [] for empty/non-HTML input instead of throwing","status":"passed","title":"returns [] for empty/non-HTML input instead of throwing","duration":0.31719999999995707,"failureMessages":[],"meta":{}},{"ancestorTitles":["extractPapersFromHtml (deterministic, bounded parse)"],"fullName":"extractPapersFromHtml (deterministic, bounded parse) skips fragment links, scheme abuse, and too-short titles","status":"passed","title":"skips fragment links, scheme abuse, and too-short titles","duration":0.49679999999989377,"failureMessages":[],"meta":{}},{"ancestorTitles":["extractPapersFromHtml (deterministic, bounded parse)"],"fullName":"extractPapersFromHtml (deterministic, bounded parse) ignores Expositio nav, auth, domain filters, and generic action links","status":"passed","title":"ignores Expositio nav, auth, domain filters, and generic action links","duration":0.5071000000000367,"failureMessages":[],"meta":{}},{"ancestorTitles":["extractPapersFromHtml (deterministic, bounded parse)"],"fullName":"extractPapersFromHtml (deterministic, bounded parse) dedupes identical href+title pairs","status":"passed","title":"dedupes identical href+title pairs","duration":0.9266999999999825,"failureMessages":[],"meta":{}},{"ancestorTitles":["extractPapersFromHtml (deterministic, bounded parse)"],"fullName":"extractPapersFromHtml (deterministic, bounded parse) BOUND: caps extraction at 500 items on a huge page","status":"passed","title":"BOUND: caps extraction at 500 items on a huge page","duration":3.1919000000000324,"failureMessages":[],"meta":{}},{"ancestorTitles":["extractPapersFromHtml (deterministic, bounded parse)"],"fullName":"extractPapersFromHtml (deterministic, bounded parse) BOUND: truncates individual fields (title 300, href 1024)","status":"passed","title":"BOUND: truncates individual fields (title 300, href 1024)","duration":0.3061999999999898,"failureMessages":[],"meta":{}},{"ancestorTitles":["extractPapersFromHtml (deterministic, bounded parse)"],"fullName":"extractPapersFromHtml (deterministic, bounded parse) is deterministic: same noisy input → identical output","status":"passed","title":"is deterministic: same noisy input → identical output","duration":0.38170000000013715,"failureMessages":[],"meta":{}},{"ancestorTitles":["renderDailyBriefMarkdown (deterministic template)"],"fullName":"renderDailyBriefMarkdown (deterministic template) contains the three contract sections in order","status":"passed","title":"contains the three contract sections in order","duration":0.5935000000001764,"failureMessages":[],"meta":{}},{"ancestorTitles":["renderDailyBriefMarkdown (deterministic template)"],"fullName":"renderDailyBriefMarkdown (deterministic template) reports honest counts and lists ONLY the new items passed in","status":"passed","title":"reports honest counts and lists ONLY the new items passed in","duration":0.37590000000000146,"failureMessages":[],"meta":{}},{"ancestorTitles":["renderDailyBriefMarkdown (deterministic template)"],"fullName":"renderDailyBriefMarkdown (deterministic template) NEVER invents items: empty scan renders an honest empty brief","status":"passed","title":"NEVER invents items: empty scan renders an honest empty brief","duration":0.2986000000000786,"failureMessages":[],"meta":{}},{"ancestorTitles":["renderDailyBriefMarkdown (deterministic template)"],"fullName":"renderDailyBriefMarkdown (deterministic template) Open questions section is an honest static note (no generated analysis in v1)","status":"passed","title":"Open questions section is an honest static note (no generated analysis in v1)","duration":0.12429999999994834,"failureMessages":[],"meta":{}},{"ancestorTitles":["renderDailyBriefMarkdown (deterministic template)"],"fullName":"renderDailyBriefMarkdown (deterministic template) bounds the new-papers list at 10 with an honest overflow line","status":"passed","title":"bounds the new-papers list at 10 with an honest overflow line","duration":0.48959999999988213,"failureMessages":[],"meta":{}},{"ancestorTitles":["renderDailyBriefMarkdown (deterministic template)"],"fullName":"renderDailyBriefMarkdown (deterministic template) sanitizes markdown-breaking characters from extracted titles","status":"passed","title":"sanitizes markdown-breaking characters from extracted titles","duration":0.2586999999998625,"failureMessages":[],"meta":{}},{"ancestorTitles":["renderDailyBriefMarkdown (deterministic template)"],"fullName":"renderDailyBriefMarkdown (deterministic template) is deterministic: same inputs → byte-identical markdown","status":"passed","title":"is deterministic: same inputs → byte-identical markdown","duration":0.12910000000010768,"failureMessages":[],"meta":{}},{"ancestorTitles":["renderDigestEmail (brief + contract links)"],"fullName":"renderDigestEmail (brief + contract links) subject derives from the brief meta only","status":"passed","title":"subject derives from the brief meta only","duration":0.2052000000001044,"failureMessages":[],"meta":{}},{"ancestorTitles":["renderDigestEmail (brief + contract links)"],"fullName":"renderDigestEmail (brief + contract links) body contains the brief sections plus View room / Manage subscription / Unsubscribe links","status":"passed","title":"body contains the brief sections plus View room / Manage subscription / Unsubscribe links","duration":0.2573000000002139,"failureMessages":[],"meta":{}},{"ancestorTitles":["renderDigestEmail (brief + contract links)"],"fullName":"renderDigestEmail (brief + contract links) never invents items: only the passed item appears as a bullet","status":"passed","title":"never invents items: only the passed item appears as a bullet","duration":0.18249999999989086,"failureMessages":[],"meta":{}},{"ancestorTitles":["renderDigestEmail (brief + contract links)"],"fullName":"renderDigestEmail (brief + contract links) explains WHY the recipient got the email (double opt-in provenance)","status":"passed","title":"explains WHY the recipient got the email (double opt-in provenance)","duration":0.10179999999991196,"failureMessages":[],"meta":{}},{"ancestorTitles":["outbox state machine (full transition matrix)"],"fullName":"outbox state machine (full transition matrix) exposes exactly the six contract states","status":"passed","title":"exposes exactly the six contract states","duration":0.14779999999996107,"failureMessages":[],"meta":{}},{"ancestorTitles":["outbox state machine (full transition matrix)"],"fullName":"outbox state machine (full transition matrix) allows exactly the five contract transitions and rejects every other pair","status":"passed","title":"allows exactly the five contract transitions and rejects every other pair","duration":1.0298999999999978,"failureMessages":[],"meta":{}},{"ancestorTitles":["outbox state machine (full transition matrix)"],"fullName":"outbox state machine (full transition matrix) rejects self-loops and unknown states","status":"passed","title":"rejects self-loops and unknown states","duration":0.1854000000000724,"failureMessages":[],"meta":{}},{"ancestorTitles":["outbox state machine (full transition matrix)"],"fullName":"outbox state machine (full transition matrix) terminal states (sent, skipped) have no exits","status":"passed","title":"terminal states (sent, skipped) have no exits","duration":0.38800000000014734,"failureMessages":[],"meta":{}},{"ancestorTitles":["buildIdempotencyKey (stable dedupe key)"],"fullName":"buildIdempotencyKey (stable dedupe key) matches the contract format roomSlug:briefKey:subscriptionId:cadence","status":"passed","title":"matches the contract format roomSlug:briefKey:subscriptionId:cadence","duration":0.1914000000001579,"failureMessages":[],"meta":{}},{"ancestorTitles":["buildIdempotencyKey (stable dedupe key)"],"fullName":"buildIdempotencyKey (stable dedupe key) is stable across calls and distinct across any differing part","status":"passed","title":"is stable across calls and distinct across any differing part","duration":0.16640000000006694,"failureMessages":[],"meta":{}}],"startTime":1783693663436,"endTime":1783693663463.388,"status":"passed","message":"","name":"D:/VSCode Projects/cafecorner_nodebench/nodebench_ai4/noderoom/tests/alwaysOnCore.test.ts"},{"assertionResults":[{"ancestorTitles":["architecture budget"],"fullName":"architecture budget allows owned changes backed by behavior evidence","status":"passed","title":"allows owned changes backed by behavior evidence","duration":4.78469999999993,"failureMessages":[],"meta":{}},{"ancestorTitles":["architecture budget"],"fullName":"architecture budget infers changed tests as behavior evidence for automated HALO runs","status":"passed","title":"infers changed tests as behavior evidence for automated HALO runs","duration":0.9075000000000273,"failureMessages":[],"meta":{}},{"ancestorTitles":["architecture budget"],"fullName":"architecture budget allows production matrix edits only when the changed set contains evidence","status":"passed","title":"allows production matrix edits only when the changed set contains evidence","duration":0.6154999999999973,"failureMessages":[],"meta":{}},{"ancestorTitles":["architecture budget"],"fullName":"architecture budget flags schema changes without behavior evidence","status":"passed","title":"flags schema changes without behavior evidence","duration":1.0652999999999793,"failureMessages":[],"meta":{}},{"ancestorTitles":["architecture budget"],"fullName":"architecture budget does not allow the changed source file to count as its own evidence","status":"passed","title":"does not allow the changed source file to count as its own evidence","duration":0.6199000000000296,"failureMessages":[],"meta":{}},{"ancestorTitles":["architecture budget"],"fullName":"architecture budget flags files that are not mapped to one owner surface","status":"passed","title":"flags files that are not mapped to one owner surface","duration":0.4814000000000078,"failureMessages":[],"meta":{}},{"ancestorTitles":["architecture budget"],"fullName":"architecture budget flags duplicate owner mappings","status":"passed","title":"flags duplicate owner mappings","duration":0.5732999999999038,"failureMessages":[],"meta":{}},{"ancestorTitles":["architecture budget"],"fullName":"architecture budget lets explicit human approval pass while still reporting forbidden files","status":"passed","title":"lets explicit human approval pass while still reporting forbidden files","duration":1.7618999999999687,"failureMessages":[],"meta":{}}],"startTime":1783693672816,"endTime":1783693672827.762,"status":"passed","message":"","name":"D:/VSCode Projects/cafecorner_nodebench/nodebench_ai4/noderoom/tests/architectureBudge
[...]
meta":{}},{"ancestorTitles":["work artifact adapters"],"fullName":"work artifact adapters wraps the semantic proof graph and preserves linked proposal and trace receipts","status":"passed","title":"wraps the semantic proof graph and preserves linked proposal and trace receipts","duration":67.6858000000002,"failureMessages":[],"meta":{}},{"ancestorTitles":["work artifact adapters"],"fullName":"work artifact adapters builds a deterministic graph relationship review plan from source-backed and review edges","status":"passed","title":"builds a deterministic graph relationship review plan from source-backed and review edges","duration":22.825300000000425,"failureMessages":[],"meta":{}},{"ancestorTitles":["work artifact adapters"],"fullName":"work artifact adapters supports storyboard-first deck artifacts before a full deck editor exists","status":"passed","title":"supports storyboard-first deck artifacts before a full deck editor exists","duration":0.967200000000048,"failureMessages":[],"meta":{}},{"ancestorTitles":["work artifact adapters"],"fullName":"work artifact adapters maps export bundles with receipt sidecar metadata","status":"passed","title":"maps export bundles with receipt sidecar metadata","duration":0.4730999999992491,"failureMessages":[],"meta":{}},{"ancestorTitles":["work artifact adapters"],"fullName":"work artifact adapters builds a mixed work-artifact bundle from existing room objects","status":"passed","title":"builds a mixed work-artifact bundle from existing room objects","duration":5.552899999999681,"failureMessages":[],"meta":{}},{"ancestorTitles":["work artifact adapters"],"fullName":"work artifact adapters builds a stable proof-bundle receipt from mixed work artifacts","status":"passed","title":"builds a stable proof-bundle receipt from mixed work artifacts","duration":8.325700000000325,"failureMessages":[],"meta":{}},{"ancestorTitles":["work artifact adapters"],"fullName":"work artifact adapters builds a deterministic proof-bundle export manifest sidecar","status":"passed","title":"builds a deterministic proof-bundle export manifest sidecar","duration":8.3141999999998,"failureMessages":[],"meta":{}},{"ancestorTitles":["work artifact adapters"],"fullName":"work artifact adapters builds a deterministic trace replay summary from existing trace rows","status":"passed","title":"builds a deterministic trace replay summary from existing trace rows","duration":2.500500000000102,"failureMessages":[],"meta":{}},{"ancestorTitles":["work artifact adapters"],"fullName":"work artifact adapters summarizes public chat and NodeAgent live performance telemetry","status":"passed","title":"summarizes public chat and NodeAgent live performance telemetry","duration":2.363299999999981,"failureMessages":[],"meta":{}},{"ancestorTitles":["work artifact adapters"],"fullName":"work artifact adapters derives a stable storyboard-first deck plan from room artifacts before slide generation","status":"passed","title":"derives a stable storyboard-first deck plan from room artifacts before slide generation","duration":4.282000000000153,"failureMessages":[],"meta":{}},{"ancestorTitles":["work artifact adapters"],"fullName":"work artifact adapters converts a storyboard into a deck artifact input with receipt-ready sections","status":"passed","title":"converts a storyboard into a deck artifact input with receipt-ready sections","duration":1.259900000000016,"failureMessages":[],"meta":{}},{"ancestorTitles":["work artifact adapters"],"fullName":"work artifact adapters round-trips a collaborative deck through an ordinary CAS-backed note artifact","status":"passed","title":"round-trips a collaborative deck through an ordinary CAS-backed note artifact","duration":3.04320000000007,"failureMessages":[],"meta":{}},{"ancestorTitles":["work artifact adapters"],"fullName":"work artifact adapters supports deterministic add, duplicate, move, delete, and normalization for deck collaboration","status":"passed","title":"supports deterministic add, duplicate, move, delete, and normalization for deck collaboration","duration":4.4365999999999985,"failureMessages":[],"meta":{}},{"ancestorTitles":["work artifact adapters"],"fullName":"work artifact adapters builds a deterministic reviewer deck patch plan from storyboard gaps and proposals","status":"passed","title":"builds a deterministic reviewer deck patch plan from storyboard gaps and proposals","duration":3.113800000000083,"failureMessages":[],"meta":{}},{"ancestorTitles":["work artifact adapters"],"fullName":"work artifact adapters builds a deterministic HTML deck preview export from the storyboard plan","status":"passed","title":"builds a deterministic HTML deck preview export from the storyboard plan","duration":1.8405999999995402,"failureMessages":[],"meta":{}},{"ancestorTitles":["work artifact adapters"],"fullName":"work artifact adapters builds a deterministic portable PPTX deck export from the storyboard plan","status":"passed","title":"builds a deterministic portable PPTX deck export from the storyboard plan","duration":98.39960000000065,"failureMessages":[],"meta":{}},{"ancestorTitles":["work artifact adapters"],"fullName":"work artifact adapters builds a deterministic portable PDF deck export from the storyboard plan","status":"passed","title":"builds a deterministic portable PDF deck export from the storyboard plan","duration":6.365200000000186,"failureMessages":[],"meta":{}}],"startTime":1783693667672,"endTime":1783693667969.3652,"status":"passed","message":"","name":"D:/VSCode Projects/cafecorner_nodebench/nodebench_ai4/noderoom/tests/workArtifacts.test.ts"},{"assertionResults":[{"ancestorTitles":["workbook file preview"],"fullName":"workbook file preview turns generated workbook data URLs into shared Sheet 1 grid artifacts","status":"passed","title":"turns generated workbook data URLs into shared Sheet 1 grid artifacts","duration":131.55690000000004,"failureMessages":[],"meta":{}},{"ancestorTitles":["workbook file preview"],"fullName":"workbook file preview does not treat non-workbook file documents as workbook previews","status":"passed","title":"does not treat non-workbook file documents as workbook previews","duration":0.46450000000004366,"failureMessages":[],"meta":{}}],"startTime":1783693678297,"endTime":1783693678429.4646,"status":"passed","message":"","name":"D:/VSCode Projects/cafecorner_nodebench/nodebench_ai4/noderoom/tests/workbookFilePreview.test.ts"},{"assertionResults":[{"ancestorTitles":["WORKFLOW EVAL — GTM enrichment (persona: Maya, sales-ops; fill pending accounts, keep CRM)"],"fullName":"WORKFLOW EVAL — GTM enrichment (persona: Maya, sales-ops; fill pending accounts, keep CRM) enriches every pending account to complete with sourced CellPayloads + evidence, CRM columns untouched","status":"passed","title":"enriches every pending account to complete with sourced CellPayloads + evidence, CRM columns untouched","duration":93.13749999999982,"failureMessages":[],"meta":{}},{"ancestorTitles":["WORKFLOW EVAL — parser extraction (messy banner-band file → structured dataframe)"],"fullName":"WORKFLOW EVAL — parser extraction (messy banner-band file → structured dataframe) detects the header below a banner, keeps blanks empty (no invented values), attaches provenance, warns honestly","status":"passed","title":"detects the header below a banner, keeps blanks empty (no invented values), attaches provenance, warns honestly","duration":7.456000000000131,"failureMessages":[],"meta":{}},{"ancestorTitles":["WORKFLOW EVAL — cross-file (multi-artifact tool layer: one run reads the sheet, writes the note)"],"fullName":"WORKFLOW EVAL — cross-file (multi-artifact tool layer: one run reads the sheet, writes the note) a single RoomTools (bound to the sheet) discovers files, reads the sheet, and writes a summary into the NOTE — a different artifact","status":"passed","title":"a single RoomTools (bound to the sheet) discovers files, reads the sheet, and writes a summary into the NOTE — a different artifact","duration":3.5298000000002503,"failureMessages":[],"meta":{}},{"ancestorTitles":["WORKFLOW EVAL — wiki update (grounded: read a source, write a CITED summary into the wiki)"],"fullName":"WORKFLOW EVAL — wiki update (grounded: read a source, write a CITED summary into the wiki) update_wiki writes a grounded, cited summary into the wiki note (CAS), and rejects ungrounded writes","status":"passed","title":"update_wiki writes a grounded, cited summary into the wiki note (CAS), and rejects ungrounded writes","duration":4.492900000000191,"failureMessages":[],"meta":{}},{"ancestorTitles":["WORKFLOW EVAL — finance reconciliation (derive/compare: reconcile to targets, skip already-correct, no clobber)"],"fullName":"WORKFLOW EVAL — finance reconciliation (derive/compare: reconcile to targets, skip already-correct, no clobber) reconcile_cell SKIPS an already-correct cell (untouched), CORRECTS a wrong cell, and CAS-protects against a stale baseline","status":"passed","title":"reconcile_cell SKIPS an already-correct cell (untouched), CORRECTS a wrong cell, and CAS-protects against a stale baseline","duration":2.180199999999786,"failureMessages":[],"meta":{}}],"startTime":1783693667235,"endTime":1783693667348.1802,"status":"passed","message":"","name":"D:/VSCode Projects/cafecorner_nodebench/nodebench_ai4/noderoom/tests/workflowEvals.test.ts"},{"assertionResults":[{"ancestorTitles":["worldModel buildContext — schema-aware columns (Fix B)"],"fullName":"worldModel buildContext — schema-aware columns (Fix B) variance sheet: context is unchanged — still addresses {rowId}__variance / {rowId}__note","status":"passed","title":"variance sheet: context is unchanged — still addresses {rowId}__variance / {rowId}__note","duration":13.763599999999997,"failureMessages":[],"meta":{}},{"ancestorTitles":["worldModel buildContext — schema-aware columns (Fix B)"],"fullName":"worldModel buildContext — schema-aware columns (Fix B) generic A/B/C sheet: context names the REAL columns and drops variance/note addressing","status":"passed","title":"generic A/B/C sheet: context names the REAL columns and drops variance/note addressing","duration":1.8302000000001044,"failureMessages":[],"meta":{}}],"startTime":1783693675730,"endTime":1783693675745.83,"status":"passed","message":"","name":"D:/VSCode Projects/cafecorner_nodebench/nodebench_ai4/noderoom/tests/worldModelSchemaContext.test.ts"},{"assertionResults":[{"ancestorTitles":["NodeMem classifier"],"fullName":"NodeMem classifier detects company entity from capitalized multi-word name","status":"passed","title":"detects company entity from capitalized multi-word name","duration":5.283799999999701,"failureMessages":[],"meta":{}},{"ancestorTitles":["NodeMem classifier"],"fullName":"NodeMem classifier detects finance signal from funding keywords","status":"passed","title":"detects finance signal from funding keywords","duration":2.9555999999997766,"failureMessages":[],"meta":{}},{"ancestorTitles":["NodeMem classifier"],"fullName":"NodeMem classifier detects person interaction signal","status":"passed","title":"detects person interaction signal","duration":0.650300000000243,"failureMessages":[],"meta":{}},{"ancestorTitles":["NodeMem classifier"],"fullName":"NodeMem classifier detects research signal from product keywords","status":"passed","title":"detects research signal from product keywords","duration":0.3629000000000815,"failureMessages":[],"meta":{}},{"ancestorTitles":["NodeMem classifier"],"fullName":"NodeMem classifier detects source URL","status":"passed","title":"detects source URL","duration":0.5144000000000233,"failureMessages":[],"meta":{}},{"ancestorTitles":["NodeMem classifier"],"fullName":"NodeMem classifier ignores plain text with no entities","status":"passed","title":"ignores plain text with no entities","duration":0.4542999999998756,"failureMessages":[],"meta":{}},{"ancestorTitles":["NodeMem classifier"],"fullName":"NodeMem classifier filters stop words as entity names","status":"passed","title":"filters stop words as entity names","duration":0.328899999999976,"failureMessages":[],"meta":{}},{"ancestorTitles":["NodeMem classifier"],"fullName":"NodeMem classifier normalizes entity keys deterministically","status":"passed","title":"normalizes entity keys deterministically","duration":0.3400000000001455,"failureMessages":[],"meta":{}},{"ancestorTitles":["NodeMem episode log + compilation"],"fullName":"NodeMem episode log + compilation creates episodes with deterministic content hashes","status":"passed","title":"creates episodes with deterministic content hashes","duration":34.27230000000009,"failureMessages":[],"meta":{}},{"ancestorTitles":["NodeMem episode log + compilation"],"fullName":"NodeMem episode log + compilation deduplicates episodes with same content hash","status":"passed","title":"deduplicates episodes with same content hash","duration":2.439900000000307,"failureMessages":[],"meta":{}},{"ancestorTitles":["NodeMem episode log + compilation"],"fullName":"NodeMem episode log + compilation compiles episode into entities + facts","status":"passed","title":"compiles episode into entities + facts","duration":3.5252000000000407,"failureMessages":[],"meta":{}},{"ancestorTitles":["NodeMem episode log + compilation"],"fullName":"NodeMem episode log + compilation merges entities from multiple episodes without duplicates","status":"passed","title":"merges entities from multiple episodes without duplicates","duration":7.288000000000466,"failureMessages":[],"meta":{}},{"ancestorTitles":["NodeMem retrieval + ranking"],"fullName":"NodeMem retrieval + ranking classifies company research task from goal","status":"passed","title":"classifies company research task from goal","duration":1.070400000000518,"failureMessages":[],"meta":{}},{"ancestorTitles":["NodeMem retrieval + ranking"],"fullName":"NodeMem retrieval + ranking ranks source-backed facts above manual facts","status":"passed","title":"ranks source-backed facts above manual facts","duration":1.7533999999996013,"failureMessages":[],"meta":{}},{"ancestorTitles":["NodeMem retrieval + ranking"],"fullName":"NodeMem retrieval + ranking partitions evidence vs graph-only correctly","status":"passed","title":"partitions evidence vs graph-only correctly","duration":0.5272000000004482,"failureMessages":[],"meta":{}},{"ancestorTitles":["NodeMem ContextPack assembly"],"fullName":"NodeMem ContextPack assembly assembles a ContextPack from fixture episodes","status":"passed","title":"assembles a ContextPack from fixture episodes","duration":8.764000000000124,"failureMessages":[],"meta":{}},{"ancestorTitles":["NodeMem ContextPack assembly"],"fullName":"NodeMem ContextPack assembly ContextPack fits under token budget (approx 4 chars/token)","status":"passed","title":"ContextPack fits under token budget (approx 4 chars/token)","duration":22.088999999999942,"failureMessages":[],"meta":{}},{"ancestorTitles":["NodeMem ContextPack assembly"],"fullName":"NodeMem ContextPack assembly ContextPack marks graph-only facts as needs_review","status":"passed","title":"ContextPack marks graph-only facts as needs_review","duration":2.8510999999998603,"failureMessages":[],"meta":{}},{"ancestorTitles":["NodeMem ContextPack assembly"],"fullName":"NodeMem ContextPack assembly assembly is fast (p95 < 50ms for 5 episodes)","status":"passed","title":"assembly is fast (p95 < 50ms for 5 episodes)","duration":9.936399999999594,"failureMessages":[],"meta":{}},{"ancestorTitles":["NodeMem freshness + validity"],"fullName":"NodeMem freshness + validity filters valid facts (excludes superseded/rejected)","status":"passed","title":"filters valid facts (excludes superseded/rejected)","duration":0.5437000000001717,"failureMessages":[],"meta":{}},{"ancestorTitles":["NodeMem freshness + validity"],"fullName":"NodeMem freshness + validity computes freshness summary with stale items","status":"passed","title":"computes freshness summary with stale items","duration":0.3966999999993277,"failureMessages":[],"meta":{}}],"startTime":1783693666287,"endTime":1783693666398.3967,"status":"passed","message":"","name":"D:/VSCode Projects/cafecorner_nodebench/nodebench_ai4/noderoom/tests/nodemem/core-fixtures.test.ts"},{"assertionResults":[{"ancestorTitles":["NodeMem recording wiring (production chat path)"],"fullName":"NodeMem recording wiring (production chat path) records a room-visible (public) chat message as a room episode when recording is on","status":"passed","title":"records a room-visible (public) chat message as a room episode when recording is on","duration":85.91269999999997,"failureMessages":[],"meta":{}},{"ancestorTitles":["NodeMem recording wiring (production chat path)"],"fullName":"NodeMem recording wiring (production chat path) records NOTHING when recording is off — the production default (no surprise cost/leak)","status":"passed","title":"records NOTHING when recording is off — the production default (no surprise cost/leak)","duration":11.778899999999794,"failureMessages":[],"meta":{}},{"ancestorTitles":["NodeMem recording wiring (production chat path)"],"fullName":"NodeMem recording wiring (production chat path) does NOT record PRIVATE-channel messages even with recording on (privacy boundary)","status":"passed","title":"does NOT record PRIVATE-channel messages even with recording on (privacy boundary)","duration":7.805900000000065,"failureMessages":[],"meta":{}},{"ancestorTitles":["NodeMem recording wiring (production chat path)"],"fullName":"NodeMem recording wiring (production chat path) an idempotent resend (same clientMsgId) records at most one episode (no duplicate spam)","status":"passed","title":"an idempotent resend (same clientMsgId) records at most one episode (no duplicate spam)","duration":12.589699999999993,"failureMessages":[],"meta":{}},{"ancestorTitles":["NodeMem recording wiring (production chat path)"],"fullName":"NodeMem recording wiring (production chat path) recorded chat surfaces in assembleContextPackForJob — the end-to-end recall path","status":"passed","title":"recorded chat surfaces in assembleContextPackForJob — the end-to-end recall path","duration":43.37279999999987,"failureMessages":[],"meta":{}}],"startTime":1783693669996,"endTime":1783693670171.3728,"status":"passed","message":"","name":"D:/VSCode Projects/cafecorner_nodebench/nodebench_ai4/noderoom/tests/nodemem/recordingWiring.test.ts"},{"assertionResults":[{"ancestorTitles":["NodeMem per-room config resolution (pickRoomNodeMem)"],"fullName":"NodeMem per-room config resolution (pickRoomNodeMem) falls back to the global mode + default budget when no override row exists","status":"passed","title":"falls back to the global mode + default budget when no override row exists","duration":3.2608999999999924,"failureMessages":[],"meta":{}},{"ancestorTitles":["NodeMem per-room config resolution (pickRoomNodeMem)"],"fullName":"NodeMem per-room config resolution (pickRoomNodeMem) uses the per-room override mode over the global mode","status":"passed","title":"uses the per-room override mode over the global mode","duration":0.6790999999999485,"failureMessages":[],"meta":{}},{"ancestorTitles":["NodeMem per-room config resolution (pickRoomNodeMem)"],"fullName":"NodeMem per-room config resolution (pickRoomNodeMem) honors the per-room token budget so bounded (600) and full (1200) actually differ","status":"passed","title":"honors the per-room token budget so bounded (600) and full (1200) actually differ","duration":0.6187999999999647,"failureMessages":[],"meta":{}},{"ancestorTitles":["NodeMem per-room config resolution (pickRoomNodeMem)"],"fullName":"NodeMem per-room config resolution (pickRoomNodeMem) treats a null/undefined override budget as the default","status":"passed","title":"treats a null/undefined override budget as the default","duration":0.2905999999999267,"failureMessages":[],"meta":{}}],"startTime":1783693679257,"endTime":1783693679262.2905,"status":"passed","message":"","name":"D:/VSCode Projects/cafecorner_nodebench/nodebench_ai4/noderoom/tests/nodemem/roomConfig.test.ts"}]}